#
# A fatal error has been detected by the Java Runtime Environment:
#
#  EXCEPTION_ACCESS_VIOLATION (0xc0000005) at pc=0x0000000060bab610, pid=1288, tid=11808
#
# JRE version: Java(TM) SE Runtime Environment (8.0_60-b27) (build 1.8.0_60-b27)
# Java VM: Java HotSpot(TM) 64-Bit Server VM (25.60-b23 mixed mode windows-amd64 compressed oops)
# Problematic frame:
# V  [jvm.dll+0xeb610]
#
# Failed to write core dump. Minidumps are not enabled by default on client versions of Windows
#
# If you would like to submit a bug report, please visit:
#   http://bugreport.java.com/bugreport/crash.jsp
#

---------------  T H R E A D  ---------------

Current thread (0x000000001e567000):  JavaThread "restartedMain" [_thread_in_vm, id=11808, stack(0x000000001b390000,0x000000001b490000)]

siginfo: ExceptionCode=0xc0000005, reading address 0xffffffffffffffff

Registers:
RAX=0x0000000000000011, RBX=0x0000000000000000, RCX=0x0000000000000011, RDX=0x0000000000000000
RSP=0x000000001b48cc58, RBP=0x00000000000007ff, RSI=0x00000000dc760068, RDI=0x0000000000000010
R8 =0x0000000000000010, R9 =0x0000000000000010, R10=0x00000000dc760040, R11=0x0000000000000000
R12=0x0000000000000000, R13=0x000000001b2aec40, R14=0x000000001b2aec50, R15=0x000000001b2af028
RIP=0x0000000060bab610, EFLAGS=0x0000000000010246

Top of Stack: (sp=0x000000001b48cc58)
0x000000001b48cc58:   0000000060d39d38 0000000000000000
0x000000001b48cc68:   0000000000000000 000000001b0f9768
0x000000001b48cc78:   0000000000000000 00000000dc760040
0x000000001b48cc88:   0000000060c042c0 0000000000000010
0x000000001b48cc98:   000000001e70a590 000000001e567000
0x000000001b48cca8:   0000000100001ef8 0000000000000000
0x000000001b48ccb8:   0000000060c0350e 000000001e567000
0x000000001b48ccc8:   0000000000000000 000000001b48db18
0x000000001b48ccd8:   0000000060c0335c 0000000000000010
0x000000001b48cce8:   000000001e5671f8 0000000000000000
0x000000001b48ccf8:   000000001b48ce40 000000001b48cd40
0x000000001b48cd08:   0000000063281aee 00000000000003d8
0x000000001b48cd18:   0000000000000000 000000001b48ce50
0x000000001b48cd28:   0000000000000000 000000001b48cd40
0x000000001b48cd38:   4acde1dc00000178 000000001b48cdf8
0x000000001b48cd48:   0000000000000000 00000000610968d4 

Instructions: (pc=0x0000000060bab610)
0x0000000060bab5f0:   ff ff ff cc cc cc cc cc cc cc cc cc cc cc cc cc
0x0000000060bab600:   48 8b 89 30 01 00 00 e9 54 a3 f3 ff cc cc cc cc
0x0000000060bab610:   48 89 5c 24 08 57 48 83 ec 20 48 8b f9 8b 0d 75
0x0000000060bab620:   c0 6b 00 8b da ff 15 c5 7d 4e 00 44 8b c3 48 8b 


Register to memory mapping:

RAX=0x0000000000000011 is an unknown value
RBX=0x0000000000000000 is an unknown value
RCX=0x0000000000000011 is an unknown value
RDX=0x0000000000000000 is an unknown value
RSP=0x000000001b48cc58 is pointing into the stack for thread: 0x000000001e567000
RBP=0x00000000000007ff is an unknown value
RSI=0x00000000dc760068 is an oop

[error occurred during error reporting (printing register info), id 0xc0000005]

Stack: [0x000000001b390000,0x000000001b490000],  sp=0x000000001b48cc58,  free space=1011k
Native frames: (J=compiled Java code, j=interpreted, Vv=VM code, C=native code)
V  [jvm.dll+0xeb610]
V  [jvm.dll+0x279d38]
V  [jvm.dll+0x1442c0]
C  [java.dll+0x1aee]
C  0x0000000002b3a605

Java frames: (J=compiled Java code, j=interpreted, Vv=VM code)
J 807  java.lang.Class.forName0(Ljava/lang/String;ZLjava/lang/ClassLoader;Ljava/lang/Class;)Ljava/lang/Class; (0 bytes) @ 0x0000000002b3a587 [0x0000000002b3a500+0x87]
J 766 C1 java.lang.Class.forName(Ljava/lang/String;ZLjava/lang/ClassLoader;)Ljava/lang/Class; (53 bytes) @ 0x0000000002b2a334 [0x0000000002b2a240+0xf4]
J 1672 C1 sun.reflect.generics.visitor.Reifier.visitClassTypeSignature(Lsun/reflect/generics/tree/ClassTypeSignature;)V (381 bytes) @ 0x0000000002ca360c [0x0000000002ca3280+0x38c]
J 1650 C1 sun.reflect.generics.tree.ClassTypeSignature.accept(Lsun/reflect/generics/visitor/TypeTreeVisitor;)V (8 bytes) @ 0x0000000002c9b86c [0x0000000002c9b800+0x6c]
J 3498 C1 sun.reflect.generics.visitor.Reifier.reifyTypeArguments([Lsun/reflect/generics/tree/TypeArgument;)[Ljava/lang/reflect/Type; (38 bytes) @ 0x000000000303c234 [0x000000000303c140+0xf4]
J 1672 C1 sun.reflect.generics.visitor.Reifier.visitClassTypeSignature(Lsun/reflect/generics/tree/ClassTypeSignature;)V (381 bytes) @ 0x0000000002ca3644 [0x0000000002ca3280+0x3c4]
J 1650 C1 sun.reflect.generics.tree.ClassTypeSignature.accept(Lsun/reflect/generics/visitor/TypeTreeVisitor;)V (8 bytes) @ 0x0000000002c9b86c [0x0000000002c9b800+0x6c]
J 3161 C1 sun.reflect.generics.repository.MethodRepository.getReturnType()Ljava/lang/reflect/Type; (41 bytes) @ 0x0000000002f7cd74 [0x0000000002f7cc80+0xf4]
J 8651 C1 com.fasterxml.classmate.ResolvedTypeWithMembers.resolveMethod(Lcom/fasterxml/classmate/members/RawMethod;)Lcom/fasterxml/classmate/members/ResolvedMethod; (272 bytes) @ 0x0000000003a31afc [0x0000000003a31920+0x1dc]
J 8652 C1 com.fasterxml.classmate.ResolvedTypeWithMembers.resolveMemberMethods()[Lcom/fasterxml/classmate/members/ResolvedMethod; (799 bytes) @ 0x0000000003a34d74 [0x0000000003a33c00+0x1174]
J 6019 C1 springfox.documentation.spring.web.readers.operation.HandlerMethodResolver.resolvedMethod(Lorg/springframework/web/method/HandlerMethod;)Lcom/google/common/base/Optional; (103 bytes) @ 0x0000000003564a9c [0x00000000035648a0+0x1fc]
J 6146 C1 springfox.documentation.spring.web.readers.operation.HandlerMethodResolver.methodReturnType(Lorg/springframework/web/method/HandlerMethod;)Lcom/fasterxml/classmate/ResolvedType; (36 bytes) @ 0x0000000003593fa4 [0x0000000003593f60+0x44]
J 9260 C1 springfox.documentation.spring.web.readers.operation.OperationResponseClassReader.apply(Lspringfox/documentation/spi/service/contexts/OperationContext;)V (84 bytes) @ 0x0000000003b57ee4 [0x0000000003b57ca0+0x244]
J 6445 C1 springfox.documentation.spring.web.plugins.DocumentationPluginsManager.operation(Lspringfox/documentation/spi/service/contexts/OperationContext;)Lspringfox/documentation/service/Operation; (56 bytes) @ 0x0000000003607b6c [0x0000000003607a80+0xec]
j  springfox.documentation.spring.web.readers.operation.ApiOperationReader.read(Lspringfox/documentation/spi/service/contexts/RequestMappingContext;)Ljava/util/List;+87
j  springfox.documentation.spring.web.scanners.CachingOperationReader$1.load(Lcom/google/common/base/Equivalence$Wrapper;)Ljava/util/List;+11
j  springfox.documentation.spring.web.scanners.CachingOperationReader$1.load(Ljava/lang/Object;)Ljava/lang/Object;+5
J 9791 C1 com.google.common.cache.LocalCache$LoadingValueReference.loadFuture(Ljava/lang/Object;Lcom/google/common/cache/CacheLoader;)Lcom/google/common/util/concurrent/ListenableFuture; (122 bytes) @ 0x0000000003c723ec [0x0000000003c72300+0xec]
J 6430 C1 com.google.common.cache.LocalCache$Segment.lockedGetOrLoad(Ljava/lang/Object;ILcom/google/common/cache/CacheLoader;)Ljava/lang/Object; (433 bytes) @ 0x0000000003601344 [0x0000000003600960+0x9e4]
J 6198 C1 com.google.common.cache.LocalCache$Segment.get(Ljava/lang/Object;ILcom/google/common/cache/CacheLoader;)Ljava/lang/Object; (210 bytes) @ 0x00000000035aaa64 [0x00000000035aa760+0x304]
J 6113 C1 com.google.common.cache.LocalCache$LocalLoadingCache.get(Ljava/lang/Object;)Ljava/lang/Object; (9 bytes) @ 0x0000000003586284 [0x00000000035861a0+0xe4]
j  com.google.common.cache.LocalCache$LocalLoadingCache.getUnchecked(Ljava/lang/Object;)Ljava/lang/Object;+2
j  springfox.documentation.spring.web.scanners.CachingOperationReader.read(Lspringfox/documentation/spi/service/contexts/RequestMappingContext;)Ljava/util/List;+15
J 9827 C1 springfox.documentation.spring.web.scanners.ApiDescriptionReader.read(Lspringfox/documentation/spi/service/contexts/RequestMappingContext;)Ljava/util/List; (180 bytes) @ 0x0000000003c8126c [0x0000000003c80ca0+0x5cc]
j  springfox.documentation.spring.web.scanners.ApiListingScanner.scan(Lspringfox/documentation/spring/web/scanners/ApiListingScanningContext;)Lcom/google/common/collect/Multimap;+200
j  springfox.documentation.spring.web.scanners.ApiDocumentationScanner.scan(Lspringfox/documentation/spi/service/contexts/DocumentationContext;)Lspringfox/documentation/service/Documentation;+27
j  springfox.documentation.spring.web.plugins.DocumentationPluginsBootstrapper.scanDocumentation(Lspringfox/documentation/spi/service/contexts/DocumentationContext;)V+9
j  springfox.documentation.spring.web.plugins.DocumentationPluginsBootstrapper.start()V+104
j  org.springframework.context.support.DefaultLifecycleProcessor.doStart(Ljava/util/Map;Ljava/lang/String;Z)V+173
j  org.springframework.context.support.DefaultLifecycleProcessor.access$200(Lorg/springframework/context/support/DefaultLifecycleProcessor;Ljava/util/Map;Ljava/lang/String;Z)V+4
j  org.springframework.context.support.DefaultLifecycleProcessor$LifecycleGroup.start()V+130
j  org.springframework.context.support.DefaultLifecycleProcessor.startBeans(Z)V+237
j  org.springframework.context.support.DefaultLifecycleProcessor.onRefresh()V+2
j  org.springframework.context.support.AbstractApplicationContext.finishRefresh()V+8
j  org.springframework.boot.context.embedded.EmbeddedWebApplicationContext.finishRefresh()V+1
j  org.springframework.context.support.AbstractApplicationContext.refresh()V+58
j  org.springframework.boot.context.embedded.EmbeddedWebApplicationContext.refresh()V+1
j  org.springframework.boot.SpringApplication.refresh(Lorg/springframework/context/ApplicationContext;)V+10
j  org.springframework.boot.SpringApplication.refreshContext(Lorg/springframework/context/ConfigurableApplicationContext;)V+2
j  org.springframework.boot.SpringApplication.run([Ljava/lang/String;)Lorg/springframework/context/ConfigurableApplicationContext;+91
j  org.springframework.boot.SpringApplication.run([Ljava/lang/Object;[Ljava/lang/String;)Lorg/springframework/context/ConfigurableApplicationContext;+9
j  org.springframework.boot.SpringApplication.run(Ljava/lang/Object;[Ljava/lang/String;)Lorg/springframework/context/ConfigurableApplicationContext;+9
j  com.hfut.glxy.CoursesApplication.main([Ljava/lang/String;)V+3
v  ~StubRoutines::call_stub
J 1339  sun.reflect.NativeMethodAccessorImpl.invoke0(Ljava/lang/reflect/Method;Ljava/lang/Object;[Ljava/lang/Object;)Ljava/lang/Object; (0 bytes) @ 0x0000000002bf187f [0x0000000002bf1800+0x7f]
J 1338 C1 sun.reflect.NativeMethodAccessorImpl.invoke(Ljava/lang/Object;[Ljava/lang/Object;)Ljava/lang/Object; (104 bytes) @ 0x0000000002bf330c [0x0000000002bf2fa0+0x36c]
J 1197 C1 sun.reflect.DelegatingMethodAccessorImpl.invoke(Ljava/lang/Object;[Ljava/lang/Object;)Ljava/lang/Object; (10 bytes) @ 0x0000000002bc33a4 [0x0000000002bc3360+0x44]
J 1196 C1 java.lang.reflect.Method.invoke(Ljava/lang/Object;[Ljava/lang/Object;)Ljava/lang/Object; (62 bytes) @ 0x0000000002bc2fbc [0x0000000002bc2ee0+0xdc]
j  org.springframework.boot.devtools.restart.RestartLauncher.run()V+41
v  ~StubRoutines::call_stub

---------------  P R O C E S S  ---------------

Java Threads: ( => current thread )
  0x000000001e56d800 JavaThread "File Watcher" daemon [_thread_in_native, id=2104, stack(0x000000001cd90000,0x000000001ce90000)]
  0x000000001e570800 JavaThread "mybatis-plus MapperRefresh" [_thread_blocked, id=8404, stack(0x000000001ca90000,0x000000001cb90000)]
  0x000000001e56d000 JavaThread "Druid-ConnectionPool-Destroy-2012858868" daemon [_thread_blocked, id=3276, stack(0x000000001c590000,0x000000001c690000)]
  0x000000001e567800 JavaThread "Druid-ConnectionPool-Create-2012858868" daemon [_thread_blocked, id=10384, stack(0x000000001c490000,0x000000001c590000)]
  0x000000001e569000 JavaThread "container-0" [_thread_blocked, id=11116, stack(0x000000001bc90000,0x000000001bd90000)]
  0x000000001e56a800 JavaThread "ContainerBackgroundProcessor[StandardEngine[Tomcat]]" daemon [_thread_blocked, id=11504, stack(0x000000001bb90000,0x000000001bc90000)]
  0x000000001e56a000 JavaThread "localhost-startStop-1" daemon [_thread_blocked, id=8080, stack(0x000000001ba90000,0x000000001bb90000)]
  0x000000001e568800 JavaThread "Tomcat-startStop-1" daemon [_thread_blocked, id=12228, stack(0x000000001b790000,0x000000001b890000)]
=>0x000000001e567000 JavaThread "restartedMain" [_thread_in_vm, id=11808, stack(0x000000001b390000,0x000000001b490000)]
  0x000000001e56e800 JavaThread "Thread-123" [_thread_blocked, id=11936, stack(0x0000000019cc0000,0x0000000019dc0000)]
  0x000000001b15c000 JavaThread "mybatis-plus MapperRefresh" [_thread_blocked, id=7016, stack(0x000000001c790000,0x000000001c890000)]
  0x000000001e570000 JavaThread "mybatis-plus MapperRefresh" [_thread_blocked, id=11544, stack(0x000000001c690000,0x000000001c790000)]
  0x000000001e571800 JavaThread "Java2D Disposer" daemon [_thread_blocked, id=11328, stack(0x0000000021a70000,0x0000000021b70000)]
  0x000000001e56c000 JavaThread "DestroyJavaVM" [_thread_blocked, id=10008, stack(0x0000000002520000,0x0000000002620000)]
  0x000000001b15a800 JavaThread "Live Reload Server" daemon [_thread_in_native, id=12204, stack(0x0000000020160000,0x0000000020260000)]
  0x000000001b157800 JavaThread "mybatis-plus MapperRefresh" [_thread_blocked, id=11804, stack(0x000000001e090000,0x000000001e190000)]
  0x000000001b152000 JavaThread "System Clock" daemon [_thread_blocked, id=11800, stack(0x000000001df90000,0x000000001e090000)]
  0x000000001b155000 JavaThread "Abandoned connection cleanup thread" daemon [_thread_blocked, id=11728, stack(0x000000001da90000,0x000000001db90000)]
  0x0000000019204800 JavaThread "RMI Scheduler(0)" daemon [_thread_blocked, id=11224, stack(0x0000000019ec0000,0x0000000019fc0000)]
  0x0000000019201800 JavaThread "RMI TCP Accept-0" daemon [_thread_in_native, id=11212, stack(0x0000000019dc0000,0x0000000019ec0000)]
  0x0000000019079800 JavaThread "RMI TCP Accept-22091" daemon [_thread_in_native, id=9920, stack(0x0000000019bc0000,0x0000000019cc0000)]
  0x0000000019067800 JavaThread "RMI TCP Accept-0" daemon [_thread_in_native, id=10084, stack(0x0000000019ac0000,0x0000000019bc0000)]
  0x0000000018f37000 JavaThread "Service Thread" daemon [_thread_blocked, id=9996, stack(0x00000000199c0000,0x0000000019ac0000)]
  0x0000000018ebe800 JavaThread "C1 CompilerThread2" daemon [_thread_blocked, id=10312, stack(0x00000000198c0000,0x00000000199c0000)]
  0x0000000018ea3000 JavaThread "C2 CompilerThread1" daemon [_thread_blocked, id=11260, stack(0x00000000197c0000,0x00000000198c0000)]
  0x0000000018ea1800 JavaThread "C2 CompilerThread0" daemon [_thread_blocked, id=11256, stack(0x00000000196c0000,0x00000000197c0000)]
  0x0000000018b80800 JavaThread "Monitor Ctrl-Break" daemon [_thread_in_native, id=11252, stack(0x00000000195c0000,0x00000000196c0000)]
  0x000000001745f000 JavaThread "Attach Listener" daemon [_thread_blocked, id=10288, stack(0x0000000018cc0000,0x0000000018dc0000)]
  0x0000000017454800 JavaThread "Signal Dispatcher" daemon [_thread_blocked, id=10284, stack(0x0000000018bc0000,0x0000000018cc0000)]
  0x000000000271c800 JavaThread "Finalizer" daemon [_thread_blocked, id=10280, stack(0x00000000186c0000,0x00000000187c0000)]
  0x0000000017408800 JavaThread "Reference Handler" daemon [_thread_blocked, id=10276, stack(0x00000000185c0000,0x00000000186c0000)]

Other Threads:
  0x0000000017407800 VMThread [stack: 0x00000000184c0000,0x00000000185c0000] [id=10272]
  0x000000001920a000 WatcherThread [stack: 0x000000001a0c0000,0x000000001a1c0000] [id=11196]

VM state:not at safepoint (normal execution)

VM Mutex/Monitor currently owned by a thread: None

Heap:
 PSYoungGen      total 315392K, used 124057K [0x00000000d5d80000, 0x00000000ea600000, 0x0000000100000000)
  eden space 301056K, 37% used [0x00000000d5d80000,0x00000000dca82608,0x00000000e8380000)
  from space 14336K, 86% used [0x00000000e9300000,0x00000000e9f23e30,0x00000000ea100000)
  to   space 15872K, 0% used [0x00000000e8380000,0x00000000e8380000,0x00000000e9300000)
 ParOldGen       total 91136K, used 53461K [0x0000000081800000, 0x0000000087100000, 0x00000000d5d80000)
  object space 91136K, 58% used [0x0000000081800000,0x0000000084c35560,0x0000000087100000)
 Metaspace       used 60838K, capacity 62926K, committed 63064K, reserved 1103872K
  class space    used 7389K, capacity 7746K, committed 7808K, reserved 1048576K

Card table byte_map: [0x0000000011cb0000,0x00000000120b0000] byte_map_base: 0x00000000118a4000

Marking Bits: (ParMarkBitMap*) 0x00000000612ca5b0
 Begin Bits: [0x0000000012760000, 0x0000000014700000)
 End Bits:   [0x0000000014700000, 0x00000000166a0000)

Polling page: 0x0000000000a80000

CodeCache: size=245760Kb used=22603Kb max_used=22603Kb free=223156Kb
 bounds [0x00000000028f0000, 0x0000000003f10000, 0x00000000118f0000]
 total_blobs=11675 nmethods=10768 adapters=818
 compilation: enabled

Compilation events (10 events):
Event: 621.876 Thread 0x0000000018ebe800 10903       1       com.google.common.base.Predicates$AndPredicate::<init> (6 bytes)
Event: 621.876 Thread 0x0000000018ebe800 nmethod 10903 0x0000000003f033d0 code [0x0000000003f03520, 0x0000000003f03650]
Event: 621.876 Thread 0x0000000018ebe800 10904       1       com.google.common.base.Predicates$AndPredicate::<init> (10 bytes)
Event: 621.876 Thread 0x0000000018ebe800 nmethod 10904 0x0000000003f036d0 code [0x0000000003f03820, 0x0000000003f03950]
Event: 621.880 Thread 0x0000000018ebe800 10905       1       com.fasterxml.jackson.databind.introspect.POJOPropertiesCollector::_addInjectables (119 bytes)
Event: 621.881 Thread 0x0000000018ebe800 nmethod 10905 0x0000000003f039d0 code [0x0000000003f03c00, 0x0000000003f041e8]
Event: 621.948 Thread 0x0000000018ebe800 10906       1       com.google.common.cache.LocalCache$Segment::expand (282 bytes)
Event: 621.949 Thread 0x0000000018ebe800 nmethod 10906 0x0000000003f04790 code [0x0000000003f04a00, 0x0000000003f053b8]
Event: 621.966 Thread 0x0000000018ebe800 10907       1       com.google.common.base.CharMatcher::<init> (10 bytes)
Event: 621.966 Thread 0x0000000018ebe800 nmethod 10907 0x0000000003f05dd0 code [0x0000000003f05f20, 0x0000000003f06050]

GC Heap History (10 events):
Event: 480.022 GC heap before
{Heap before GC invocations=41 (full 4):
 PSYoungGen      total 251904K, used 244102K [0x00000000d5d80000, 0x00000000e6480000, 0x0000000100000000)
  eden space 237056K, 100% used [0x00000000d5d80000,0x00000000e4500000,0x00000000e4500000)
  from space 14848K, 47% used [0x00000000e5300000,0x00000000e59e1b50,0x00000000e6180000)
  to   space 14336K, 0% used [0x00000000e4500000,0x00000000e4500000,0x00000000e5300000)
 ParOldGen       total 91136K, used 53947K [0x0000000081800000, 0x0000000087100000, 0x00000000d5d80000)
  object space 91136K, 59% used [0x0000000081800000,0x0000000084caeee8,0x0000000087100000)
 Metaspace       used 59201K, capacity 60994K, committed 61016K, reserved 1103872K
  class space    used 7227K, capacity 7547K, committed 7552K, reserved 1048576K
Event: 480.036 GC heap after
Heap after GC invocations=41 (full 4):
 PSYoungGen      total 251392K, used 4107K [0x00000000d5d80000, 0x00000000e8080000, 0x0000000100000000)
  eden space 237056K, 0% used [0x00000000d5d80000,0x00000000d5d80000,0x00000000e4500000)
  from space 14336K, 28% used [0x00000000e4500000,0x00000000e4902e00,0x00000000e5300000)
  to   space 14336K, 0% used [0x00000000e7280000,0x00000000e7280000,0x00000000e8080000)
 ParOldGen       total 91136K, used 59371K [0x0000000081800000, 0x0000000087100000, 0x00000000d5d80000)
  object space 91136K, 65% used [0x0000000081800000,0x00000000851faf48,0x0000000087100000)
 Metaspace       used 59201K, capacity 60994K, committed 61016K, reserved 1103872K
  class space    used 7227K, capacity 7547K, committed 7552K, reserved 1048576K
}
Event: 612.354 GC heap before
{Heap before GC invocations=42 (full 4):
 PSYoungGen      total 251392K, used 180404K [0x00000000d5d80000, 0x00000000e8080000, 0x0000000100000000)
  eden space 237056K, 74% used [0x00000000d5d80000,0x00000000e09aa5d8,0x00000000e4500000)
  from space 14336K, 28% used [0x00000000e4500000,0x00000000e4902e00,0x00000000e5300000)
  to   space 14336K, 0% used [0x00000000e7280000,0x00000000e7280000,0x00000000e8080000)
 ParOldGen       total 91136K, used 59371K [0x0000000081800000, 0x0000000087100000, 0x00000000d5d80000)
  object space 91136K, 65% used [0x0000000081800000,0x00000000851faf48,0x0000000087100000)
 Metaspace       used 59455K, capacity 61306K, committed 61656K, reserved 1103872K
  class space    used 7244K, capacity 7568K, committed 7680K, reserved 1048576K
Event: 612.362 GC heap after
Heap after GC invocations=42 (full 4):
 PSYoungGen      total 283648K, used 736K [0x00000000d5d80000, 0x00000000e8080000, 0x0000000100000000)
  eden space 269312K, 0% used [0x00000000d5d80000,0x00000000d5d80000,0x00000000e6480000)
  from space 14336K, 5% used [0x00000000e7280000,0x00000000e7338000,0x00000000e8080000)
  to   space 14336K, 0% used [0x00000000e6480000,0x00000000e6480000,0x00000000e7280000)
 ParOldGen       total 91136K, used 62051K [0x0000000081800000, 0x0000000087100000, 0x00000000d5d80000)
  object space 91136K, 68% used [0x0000000081800000,0x0000000085498fb8,0x0000000087100000)
 Metaspace       used 59455K, capacity 61306K, committed 61656K, reserved 1103872K
  class space    used 7244K, capacity 7568K, committed 7680K, reserved 1048576K
}
Event: 612.362 GC heap before
{Heap before GC invocations=43 (full 5):
 PSYoungGen      total 283648K, used 736K [0x00000000d5d80000, 0x00000000e8080000, 0x0000000100000000)
  eden space 269312K, 0% used [0x00000000d5d80000,0x00000000d5d80000,0x00000000e6480000)
  from space 14336K, 5% used [0x00000000e7280000,0x00000000e7338000,0x00000000e8080000)
  to   space 14336K, 0% used [0x00000000e6480000,0x00000000e6480000,0x00000000e7280000)
 ParOldGen       total 91136K, used 62051K [0x0000000081800000, 0x0000000087100000, 0x00000000d5d80000)
  object space 91136K, 68% used [0x0000000081800000,0x0000000085498fb8,0x0000000087100000)
 Metaspace       used 59455K, capacity 61306K, committed 61656K, reserved 1103872K
  class space    used 7244K, capacity 7568K, committed 7680K, reserved 1048576K
Event: 612.874 GC heap after
Heap after GC invocations=43 (full 5):
 PSYoungGen      total 283648K, used 0K [0x00000000d5d80000, 0x00000000e8080000, 0x0000000100000000)
  eden space 269312K, 0% used [0x00000000d5d80000,0x00000000d5d80000,0x00000000e6480000)
  from space 14336K, 0% used [0x00000000e7280000,0x00000000e7280000,0x00000000e8080000)
  to   space 14336K, 0% used [0x00000000e6480000,0x00000000e6480000,0x00000000e7280000)
 ParOldGen       total 91136K, used 49008K [0x0000000081800000, 0x0000000087100000, 0x00000000d5d80000)
  object space 91136K, 53% used [0x0000000081800000,0x00000000847dc158,0x0000000087100000)
 Metaspace       used 59447K, capacity 61294K, committed 61656K, reserved 1103872K
  class space    used 7243K, capacity 7566K, committed 7680K, reserved 1048576K
}
Event: 617.620 GC heap before
{Heap before GC invocations=44 (full 5):
 PSYoungGen      total 283648K, used 269312K [0x00000000d5d80000, 0x00000000e8080000, 0x0000000100000000)
  eden space 269312K, 100% used [0x00000000d5d80000,0x00000000e6480000,0x00000000e6480000)
  from space 14336K, 0% used [0x00000000e7280000,0x00000000e7280000,0x00000000e8080000)
  to   space 14336K, 0% used [0x00000000e6480000,0x00000000e6480000,0x00000000e7280000)
 ParOldGen       total 91136K, used 49008K [0x0000000081800000, 0x0000000087100000, 0x00000000d5d80000)
  object space 91136K, 53% used [0x0000000081800000,0x00000000847dc158,0x0000000087100000)
 Metaspace       used 59883K, capacity 61852K, committed 61912K, reserved 1103872K
  class space    used 7319K, capacity 7663K, committed 7680K, reserved 1048576K
Event: 617.630 GC heap after
Heap after GC invocations=44 (full 5):
 PSYoungGen      total 283648K, used 8298K [0x00000000d5d80000, 0x00000000ea100000, 0x0000000100000000)
  eden space 269312K, 0% used [0x00000000d5d80000,0x00000000d5d80000,0x00000000e6480000)
  from space 14336K, 57% used [0x00000000e6480000,0x00000000e6c9ab10,0x00000000e7280000)
  to   space 14336K, 0% used [0x00000000e9300000,0x00000000e9300000,0x00000000ea100000)
 ParOldGen       total 91136K, used 49016K [0x0000000081800000, 0x0000000087100000, 0x00000000d5d80000)
  object space 91136K, 53% used [0x0000000081800000,0x00000000847de158,0x0000000087100000)
 Metaspace       used 59883K, capacity 61852K, committed 61912K, reserved 1103872K
  class space    used 7319K, capacity 7663K, committed 7680K, reserved 1048576K
}
Event: 619.938 GC heap before
{Heap before GC invocations=45 (full 5):
 PSYoungGen      total 283648K, used 277610K [0x00000000d5d80000, 0x00000000ea100000, 0x0000000100000000)
  eden space 269312K, 100% used [0x00000000d5d80000,0x00000000e6480000,0x00000000e6480000)
  from space 14336K, 57% used [0x00000000e6480000,0x00000000e6c9ab10,0x00000000e7280000)
  to   space 14336K, 0% used [0x00000000e9300000,0x00000000e9300000,0x00000000ea100000)
 ParOldGen       total 91136K, used 49016K [0x0000000081800000, 0x0000000087100000, 0x00000000d5d80000)
  object space 91136K, 53% used [0x0000000081800000,0x00000000847de158,0x0000000087100000)
 Metaspace       used 60833K, capacity 62926K, committed 63064K, reserved 1103872K
  class space    used 7389K, capacity 7746K, committed 7808K, reserved 1048576K
Event: 619.961 GC heap after
Heap after GC invocations=45 (full 5):
 PSYoungGen      total 315392K, used 12431K [0x00000000d5d80000, 0x00000000ea600000, 0x0000000100000000)
  eden space 301056K, 0% used [0x00000000d5d80000,0x00000000d5d80000,0x00000000e8380000)
  from space 14336K, 86% used [0x00000000e9300000,0x00000000e9f23e30,0x00000000ea100000)
  to   space 15872K, 0% used [0x00000000e8380000,0x00000000e8380000,0x00000000e9300000)
 ParOldGen       total 91136K, used 53461K [0x0000000081800000, 0x0000000087100000, 0x00000000d5d80000)
  object space 91136K, 58% used [0x0000000081800000,0x0000000084c35560,0x0000000087100000)
 Metaspace       used 60833K, capacity 62926K, committed 63064K, reserved 1103872K
  class space    used 7389K, capacity 7746K, committed 7808K, reserved 1048576K
}

Deoptimization events (0 events):
No events

Internal exceptions (10 events):
Event: 621.976 Thread 0x000000001e567000 Exception <a 'java/lang/ArrayIndexOutOfBoundsException'> (0x00000000dc728f20) thrown at [C:\re\workspace\8-2-build-windows-amd64-cygwin\jdk8u60\4407\hotspot\src\share\vm\runtime\sharedRuntime.cpp, line 605]
Event: 621.978 Thread 0x000000001e567000 Exception <a 'java/lang/ArrayIndexOutOfBoundsException'> (0x00000000dc739a28) thrown at [C:\re\workspace\8-2-build-windows-amd64-cygwin\jdk8u60\4407\hotspot\src\share\vm\runtime\sharedRuntime.cpp, line 605]
Event: 621.978 Thread 0x000000001e567000 Exception <a 'java/lang/ArrayIndexOutOfBoundsException'> (0x00000000dc73c7a0) thrown at [C:\re\workspace\8-2-build-windows-amd64-cygwin\jdk8u60\4407\hotspot\src\share\vm\runtime\sharedRuntime.cpp, line 605]
Event: 621.978 Thread 0x000000001e567000 Exception <a 'java/lang/ArrayIndexOutOfBoundsException'> (0x00000000dc73f588) thrown at [C:\re\workspace\8-2-build-windows-amd64-cygwin\jdk8u60\4407\hotspot\src\share\vm\runtime\sharedRuntime.cpp, line 605]
Event: 621.978 Thread 0x000000001e567000 Exception <a 'java/lang/ArrayIndexOutOfBoundsException'> (0x00000000dc741df0) thrown at [C:\re\workspace\8-2-build-windows-amd64-cygwin\jdk8u60\4407\hotspot\src\share\vm\runtime\sharedRuntime.cpp, line 605]
Event: 621.978 Thread 0x000000001e567000 Exception <a 'java/lang/ArrayIndexOutOfBoundsException'> (0x00000000dc744208) thrown at [C:\re\workspace\8-2-build-windows-amd64-cygwin\jdk8u60\4407\hotspot\src\share\vm\runtime\sharedRuntime.cpp, line 605]
Event: 621.979 Thread 0x000000001e567000 Exception <a 'java/lang/ArrayIndexOutOfBoundsException'> (0x00000000dc7576b0) thrown at [C:\re\workspace\8-2-build-windows-amd64-cygwin\jdk8u60\4407\hotspot\src\share\vm\runtime\sharedRuntime.cpp, line 605]
Event: 621.979 Thread 0x000000001e567000 Exception <a 'java/lang/ArrayIndexOutOfBoundsException'> (0x00000000dc75a428) thrown at [C:\re\workspace\8-2-build-windows-amd64-cygwin\jdk8u60\4407\hotspot\src\share\vm\runtime\sharedRuntime.cpp, line 605]
Event: 621.979 Thread 0x000000001e567000 Exception <a 'java/lang/ArrayIndexOutOfBoundsException'> (0x00000000dc75d210) thrown at [C:\re\workspace\8-2-build-windows-amd64-cygwin\jdk8u60\4407\hotspot\src\share\vm\runtime\sharedRuntime.cpp, line 605]
Event: 621.979 Thread 0x000000001e567000 Exception <a 'java/lang/ArrayIndexOutOfBoundsException'> (0x00000000dc75fa78) thrown at [C:\re\workspace\8-2-build-windows-amd64-cygwin\jdk8u60\4407\hotspot\src\share\vm\runtime\sharedRuntime.cpp, line 605]

Events (10 events):
Event: 621.362 loading class javax/servlet/http/HttpSessionBeanInfo
Event: 621.362 loading class javax/servlet/http/HttpSessionBeanInfo done
Event: 621.362 loading class javax/servlet/http/HttpSessionBeanInfo
Event: 621.362 loading class javax/servlet/http/HttpSessionBeanInfo done
Event: 621.362 loading class javax/servlet/http/HttpSessionCustomizer
Event: 621.362 loading class javax/servlet/http/HttpSessionCustomizer done
Event: 621.362 loading class javax/servlet/http/HttpSessionCustomizer
Event: 621.362 loading class javax/servlet/http/HttpSessionCustomizer done
Event: 621.362 loading class javax/servlet/http/HttpSessionCustomizer
Event: 621.362 loading class javax/servlet/http/HttpSessionCustomizer done


Dynamic libraries:
0x00007ff61eda0000 - 0x00007ff61edd7000 	C:\Program Files\Java\jdk1.8.0_60\bin\java.exe
0x00007ffd19e60000 - 0x00007ffd1a00d000 	C:\WINDOWS\SYSTEM32\ntdll.dll
0x00007ffd18150000 - 0x00007ffd1828e000 	C:\WINDOWS\system32\KERNEL32.DLL
0x00007ffd17320000 - 0x00007ffd17435000 	C:\WINDOWS\system32\KERNELBASE.dll
0x00007ffd15b50000 - 0x00007ffd15bde000 	C:\WINDOWS\system32\apphelp.dll
0x00007ffd0f540000 - 0x00007ffd0f593000 	C:\WINDOWS\AppPatch\AppPatch64\AcGenral.DLL
0x00007ffd18290000 - 0x00007ffd1833a000 	C:\WINDOWS\system32\msvcrt.dll
0x00007ffd17060000 - 0x00007ffd1708e000 	C:\WINDOWS\system32\SspiCli.dll
0x00007ffd178e0000 - 0x00007ffd17934000 	C:\WINDOWS\system32\SHLWAPI.dll
0x00007ffd18540000 - 0x00007ffd186b7000 	C:\WINDOWS\system32\USER32.dll
0x00007ffd17e50000 - 0x00007ffd17fe4000 	C:\WINDOWS\system32\ole32.dll
0x00007ffd18870000 - 0x00007ffd19d9c000 	C:\WINDOWS\system32\SHELL32.dll
0x00007ffd165b0000 - 0x00007ffd165d1000 	C:\WINDOWS\SYSTEM32\USERENV.dll
0x00007ffd17700000 - 0x00007ffd177aa000 	C:\WINDOWS\system32\ADVAPI32.dll
0x00007ffd07de0000 - 0x00007ffd07dfe000 	C:\WINDOWS\SYSTEM32\MPR.dll
0x00007ffd174f0000 - 0x00007ffd17630000 	C:\WINDOWS\system32\RPCRT4.dll
0x00007ffd19e00000 - 0x00007ffd19e59000 	C:\WINDOWS\SYSTEM32\sechost.dll
0x00007ffd17a00000 - 0x00007ffd17c12000 	C:\WINDOWS\SYSTEM32\combase.dll
0x00007ffd18000000 - 0x00007ffd1814b000 	C:\WINDOWS\system32\GDI32.dll
0x00007ffd16f90000 - 0x00007ffd16fa5000 	C:\WINDOWS\SYSTEM32\profapi.dll
0x00007ffd15350000 - 0x00007ffd15402000 	C:\WINDOWS\SYSTEM32\SHCORE.dll
0x00007ffd17e10000 - 0x00007ffd17e46000 	C:\WINDOWS\system32\IMM32.DLL
0x00007ffd18350000 - 0x00007ffd184a1000 	C:\WINDOWS\system32\MSCTF.dll
0x00007ffd14eb0000 - 0x00007ffd1512b000 	C:\WINDOWS\WinSxS\amd64_microsoft.windows.common-controls_6595b64144ccf1df_6.0.9600.18006_none_623f33d3ecbe86e8\COMCTL32.dll
0x0000000061350000 - 0x0000000061422000 	C:\Program Files\Java\jdk1.8.0_60\jre\bin\msvcr100.dll
0x0000000060ac0000 - 0x0000000061349000 	C:\Program Files\Java\jdk1.8.0_60\jre\bin\server\jvm.dll
0x00007ffd10ce0000 - 0x00007ffd10ce9000 	C:\WINDOWS\SYSTEM32\WSOCK32.dll
0x00007ffd12d40000 - 0x00007ffd12d62000 	C:\WINDOWS\SYSTEM32\WINMM.dll
0x00007ffd12dd0000 - 0x00007ffd12dda000 	C:\WINDOWS\SYSTEM32\VERSION.dll
0x00007ffd17ff0000 - 0x00007ffd17ff7000 	C:\WINDOWS\system32\PSAPI.DLL
0x00007ffd177c0000 - 0x00007ffd1781a000 	C:\WINDOWS\system32\WS2_32.dll
0x00007ffd12d00000 - 0x00007ffd12d2a000 	C:\WINDOWS\SYSTEM32\WINMMBASE.dll
0x00007ffd177b0000 - 0x00007ffd177b9000 	C:\WINDOWS\system32\NSI.dll
0x00007ffd17440000 - 0x00007ffd1748f000 	C:\WINDOWS\SYSTEM32\cfgmgr32.dll
0x00007ffd15da0000 - 0x00007ffd15dc8000 	C:\WINDOWS\SYSTEM32\DEVOBJ.dll
0x00000000632b0000 - 0x00000000632bf000 	C:\Program Files\Java\jdk1.8.0_60\jre\bin\verify.dll
0x0000000063280000 - 0x00000000632a9000 	C:\Program Files\Java\jdk1.8.0_60\jre\bin\java.dll
0x0000000060990000 - 0x00000000609b3000 	C:\Program Files\Java\jdk1.8.0_60\jre\bin\instrument.dll
0x0000000063260000 - 0x0000000063276000 	C:\Program Files\Java\jdk1.8.0_60\jre\bin\zip.dll
0x00007ffcee3d0000 - 0x00007ffcee3ea000 	D:\IDEA\IntelliJ IDEA 2017.2.5\bin\breakgen64.dll
0x0000000063240000 - 0x000000006325a000 	C:\Program Files\Java\jdk1.8.0_60\jre\bin\net.dll
0x00007ffd16820000 - 0x00007ffd16879000 	C:\WINDOWS\system32\mswsock.dll
0x0000000060980000 - 0x000000006098d000 	C:\Program Files\Java\jdk1.8.0_60\jre\bin\management.dll
0x0000000060aa0000 - 0x0000000060ab1000 	C:\Program Files\Java\jdk1.8.0_60\jre\bin\nio.dll
0x00007ffcfd480000 - 0x00007ffcfd495000 	C:\WINDOWS\system32\napinsp.dll
0x00007ffcfd4a0000 - 0x00007ffcfd4ba000 	C:\WINDOWS\system32\pnrpnsp.dll
0x00007ffd113f0000 - 0x00007ffd1140b000 	C:\WINDOWS\system32\NLAapi.dll
0x00007ffd16620000 - 0x00007ffd166c4000 	C:\WINDOWS\SYSTEM32\DNSAPI.dll
0x00007ffcfd4c0000 - 0x00007ffcfd4cd000 	C:\WINDOWS\System32\winrnr.dll
0x00007ffcfd4d0000 - 0x00007ffcfd4e4000 	C:\WINDOWS\system32\wshbth.dll
0x00007ffd00de0000 - 0x00007ffd00dea000 	C:\Windows\System32\rasadhlp.dll
0x00007ffd10510000 - 0x00007ffd1053a000 	C:\WINDOWS\SYSTEM32\IPHLPAPI.DLL
0x00007ffd104f0000 - 0x00007ffd104fa000 	C:\WINDOWS\SYSTEM32\WINNSI.DLL
0x00007ffd10300000 - 0x00007ffd1036b000 	C:\WINDOWS\System32\fwpuclnt.dll
0x00007ffd16880000 - 0x00007ffd168a0000 	C:\WINDOWS\SYSTEM32\CRYPTSP.dll
0x00007ffd164a0000 - 0x00007ffd164d6000 	C:\WINDOWS\system32\rsaenh.dll
0x00007ffd16b40000 - 0x00007ffd16b66000 	C:\WINDOWS\SYSTEM32\bcrypt.dll
0x00007ffd16e60000 - 0x00007ffd16ec3000 	C:\WINDOWS\system32\bcryptprimitives.dll
0x00007ffd16ed0000 - 0x00007ffd16edb000 	C:\WINDOWS\SYSTEM32\CRYPTBASE.dll
0x00007ffd100b0000 - 0x00007ffd100c6000 	C:\WINDOWS\SYSTEM32\dhcpcsvc6.DLL
0x00007ffd10150000 - 0x00007ffd1016a000 	C:\WINDOWS\SYSTEM32\dhcpcsvc.DLL
0x00000000607e0000 - 0x0000000060978000 	C:\Program Files\Java\jdk1.8.0_60\jre\bin\awt.dll
0x00007ffd17630000 - 0x00007ffd176f6000 	C:\WINDOWS\system32\OLEAUT32.dll
0x00007ffd15130000 - 0x00007ffd15151000 	C:\WINDOWS\system32\DWMAPI.DLL
0x00007ffd15c20000 - 0x00007ffd15d49000 	C:\WINDOWS\system32\uxtheme.dll
0x00000000607b0000 - 0x00000000607da000 	C:\Program Files\Java\jdk1.8.0_60\jre\bin\dcpr.dll
0x0000000060760000 - 0x00000000607a7000 	C:\Program Files\Java\jdk1.8.0_60\jre\bin\fontmanager.dll
0x0000000060710000 - 0x0000000060752000 	C:\Program Files\Java\jdk1.8.0_60\jre\bin\t2k.dll
0x00007ffd07c50000 - 0x00007ffd07dd9000 	C:\WINDOWS\SYSTEM32\dbghelp.dll

VM Arguments:
jvm_args: -XX:TieredStopAtLevel=1 -Xverify:none -Dspring.output.ansi.enabled=always -Dcom.sun.management.jmxremote -Dcom.sun.management.jmxremote.port=22091 -Dcom.sun.management.jmxremote.authenticate=false -Dcom.sun.management.jmxremote.ssl=false -Dspring.liveBeansView.mbeanDomain -Dspring.application.admin.enabled=true -javaagent:D:\IDEA\IntelliJ IDEA 2017.2.5\lib\idea_rt.jar=22092:D:\IDEA\IntelliJ IDEA 2017.2.5\bin -Dfile.encoding=UTF-8 
java_command: com.hfut.glxy.CoursesApplication
java_class_path (initial): C:\Program Files\Java\jdk1.8.0_60\jre\lib\charsets.jar;C:\Program Files\Java\jdk1.8.0_60\jre\lib\deploy.jar;C:\Program Files\Java\jdk1.8.0_60\jre\lib\ext\access-bridge-64.jar;C:\Program Files\Java\jdk1.8.0_60\jre\lib\ext\cldrdata.jar;C:\Program Files\Java\jdk1.8.0_60\jre\lib\ext\dnsns.jar;C:\Program Files\Java\jdk1.8.0_60\jre\lib\ext\jaccess.jar;C:\Program Files\Java\jdk1.8.0_60\jre\lib\ext\jfxrt.jar;C:\Program Files\Java\jdk1.8.0_60\jre\lib\ext\localedata.jar;C:\Program Files\Java\jdk1.8.0_60\jre\lib\ext\nashorn.jar;C:\Program Files\Java\jdk1.8.0_60\jre\lib\ext\sunec.jar;C:\Program Files\Java\jdk1.8.0_60\jre\lib\ext\sunjce_provider.jar;C:\Program Files\Java\jdk1.8.0_60\jre\lib\ext\sunmscapi.jar;C:\Program Files\Java\jdk1.8.0_60\jre\lib\ext\sunpkcs11.jar;C:\Program Files\Java\jdk1.8.0_60\jre\lib\ext\zipfs.jar;C:\Program Files\Java\jdk1.8.0_60\jre\lib\javaws.jar;C:\Program Files\Java\jdk1.8.0_60\jre\lib\jce.jar;C:\Program Files\Java\jdk1.8.0_60\jre\lib\jfr.jar;C:\Program Files\Java\jdk1.8.0_60\jre\lib\jfxswt.jar;C:\Program Files\Java\jdk1.8.0_60\jre\lib\jsse.jar;C:\Program Files\Java\jdk1.8.0_60\jre\lib\management-agent.jar;C:\Program Files\Java\jdk1.8.0_60\jre\lib\plugin.jar;C:\Program Files\Java\jdk1.8.0_60\jre\lib\resources.jar;C:\Program Files\Java\jdk1.8.0_60\jre\lib\rt.jar;C:\Users\win8\Desktop\CoursesSpringBoot-master-23866fd9d7ab9a69c3fc51097d8a8f4f9654be38\target\classes;C:\Users\win8\.m2\repository\org\springframework\boot\spring-boot-starter\1.5.9.RELEASE\spring-boot-starter-1.5.9.RELEASE.jar;C:\Users\win8\.m2\repository\org\springframework\boot\spring-boot\1.5.9.RELEASE\spring-boot-1.5.9.RELEASE.jar;C:\Users\win8\.m2\repository\org\springframework\boot\spring-boot-autoconfigure\1.5.9.RELEASE\spring-boot-autoconfigure-1.5.9.RELEASE.jar;C:\Users\win8\.m2\repository\org\springframework\boot\spring-boot-starter-logging\1.5.9.RELEASE\spring-boot-starter-logging-1.5.9.RELEASE.jar;C:\Users\win8\.m2\repository\ch\qos\logback\logback-c
Launcher Type: SUN_STANDARD

Environment Variables:
JAVA_HOME=C:\Program Files\Java\jdk1.8.0_60
CLASSPATH=D:\学习软件\lingo\Lingo10_0.jar
PATH=C:\ProgramData\Oracle\Java\javapath;C:\Program Files (x86)\Intel\iCLS Client\;C:\Program Files\Intel\iCLS Client\;C:\Program Files (x86)\NVIDIA Corporation\PhysX\Common;C:\WINDOWS\system32;C:\WINDOWS;C:\WINDOWS\System32\Wbem;C:\WINDOWS\System32\WindowsPowerShell\v1.0\;C:\Program Files\Intel\Intel(R) Management Engine Components\DAL;C:\Program Files (x86)\Intel\Intel(R) Management Engine Components\DAL;C:\Program Files\Intel\Intel(R) Management Engine Components\IPT;C:\Program Files (x86)\Intel\Intel(R) Management Engine Components\IPT;C:\Program Files (x86)\Windows Kits\8.1\Windows Performance Toolkit\;C:\Program Files\Microsoft SQL Server\110\Tools\Binn\;D:\学习软件\Git\cmd;D:\sdk\tools;D:\sdk\platform-tools;D:\学习软件\lingo\;C:\Program Files\Microsoft SQL Server\Client SDK\ODBC\130\Tools\Binn\;C:\Program Files (x86)\Microsoft SQL Server\130\Tools\Binn\;C:\Program Files\Microsoft SQL Server\130\Tools\Binn\;C:\Program Files\Microsoft SQL Server\130\DTS\Binn\;C:\Program Files (x86)\Microsoft SQL Server\Client SDK\ODBC\130\Tools\Binn\;C:\Program Files (x86)\Microsoft SQL Server\130\DTS\Binn\;C:\Program Files (x86)\Microsoft SQL Server\130\Tools\Binn\ManagementStudio\;D:\spass\JRE\bin;D:\nodejs\;C:\Users\win8\AppData\Roaming\npm;D:\Microsoft VS Code\bin
USERNAME=win8
OS=Windows_NT
PROCESSOR_IDENTIFIER=Intel64 Family 6 Model 61 Stepping 4, GenuineIntel



---------------  S Y S T E M  ---------------

OS: Windows 8.1 , 64 bit Build 9600 (6.3.9600.17415)

CPU:total 4 (2 cores per cpu, 2 threads per core) family 6 model 61 stepping 4, cmov, cx8, fxsr, mmx, sse, sse2, sse3, ssse3, sse4.1, sse4.2, popcnt, avx, avx2, aes, clmul, erms, 3dnowpref, lzcnt, ht, tsc, tscinvbit, bmi1, bmi2, adx

Memory: 4k page, physical 8288676k(3597180k free), swap 10123684k(4076256k free)

vm_info: Java HotSpot(TM) 64-Bit Server VM (25.60-b23) for windows-amd64 JRE (1.8.0_60-b27), built on Aug  4 2015 11:06:27 by "java_re" with MS VC++ 10.0 (VS2010)

time: Tue Apr 17 20:14:35 2018
elapsed time: 622 seconds (0d 0h 10m 22s)

